[INFO] Scanning for projects...
[INFO] 
[INFO] ---------------------------< com.gjun:myweb >---------------------------
[INFO] Building myweb 0.0.1-SNAPSHOT
[INFO]   from pom.xml
[INFO] --------------------------------[ jar ]---------------------------------
[INFO] 
[INFO] >>> spring-boot:4.0.1:run (default-cli) > test-compile @ myweb >>>
[INFO] 
[INFO] --- resources:3.3.1:resources (default-resources) @ myweb ---
[INFO] Copying 1 resource from src\main\resources to target\classes
[INFO] Copying 0 resource from src\main\resources to target\classes
[INFO] 
[INFO] --- compiler:3.14.1:compile (default-compile) @ myweb ---
[INFO] Nothing to compile - all classes are up to date.
[INFO] 
[INFO] --- resources:3.3.1:testResources (default-testResources) @ myweb ---
[INFO] skip non existing resourceDirectory D:\巨匠\Java Web全端開發實務班\Java_code\MyWork\MyWeb\src\test\resources
[INFO] 
[INFO] --- compiler:3.14.1:testCompile (default-testCompile) @ myweb ---
[INFO] Nothing to compile - all classes are up to date.
[INFO] 
[INFO] <<< spring-boot:4.0.1:run (default-cli) < test-compile @ myweb <<<
[INFO] 
[INFO] 
[INFO] --- spring-boot:4.0.1:run (default-cli) @ myweb ---
[INFO] Attaching agents: []

  .   ____          _            __ _ _
 /\\ / ___'_ __ _ _(_)_ __  __ _ \ \ \ \
( ( )\___ | '_ | '_| | '_ \/ _` | \ \ \ \
 \\/  ___)| |_)| | | | | || (_| |  ) ) ) )
  '  |____| .__|_| |_|_| |_\__, | / / / /
 =========|_|==============|___/=/_/_/_/

 :: Spring Boot ::                (v4.0.1)

2026-01-12T22:18:36.289+08:00  INFO 43648 --- [myweb] [           main] com.gjun.myweb.MywebApplication          : Starting MywebApplication using Java 21 with PID 43648 (D:\撌典?\Java Web?函垢?撖血??苒Java_code\MyWork\MyWeb\target\classes started by MSI-NB in D:\撌典?\Java Web?函垢?撖血??苒Java_code\MyWork\MyWeb)
2026-01-12T22:18:36.290+08:00  INFO 43648 --- [myweb] [           main] com.gjun.myweb.MywebApplication          : No active profile set, falling back to 1 default profile: "default"
2026-01-12T22:18:36.672+08:00  INFO 43648 --- [myweb] [           main] o.s.boot.tomcat.TomcatWebServer          : Tomcat initialized with port 8080 (http)
2026-01-12T22:18:36.680+08:00  INFO 43648 --- [myweb] [           main] o.apache.catalina.core.StandardService   : Starting service [Tomcat]
2026-01-12T22:18:36.680+08:00  INFO 43648 --- [myweb] [           main] o.apache.catalina.core.StandardEngine    : Starting Servlet engine: [Apache Tomcat/11.0.15]
2026-01-12T22:18:36.774+08:00  INFO 43648 --- [myweb] [           main] org.apache.jasper.servlet.TldScanner     : At least one JAR was scanned for TLDs yet contained no TLDs. Enable debug logging for this logger for a complete list of JARs that were scanned but no TLDs were found in them. Skipping unneeded JARs during scanning can improve startup time and JSP compilation time.
2026-01-12T22:18:36.778+08:00  INFO 43648 --- [myweb] [           main] b.w.c.s.WebApplicationContextInitializer : Root WebApplicationContext: initialization completed in 461 ms
2026-01-12T22:18:36.925+08:00  WARN 43648 --- [myweb] [           main] ConfigServletWebServerApplicationContext : Exception encountered during context initialization - cancelling refresh attempt: org.springframework.context.ApplicationContextException: Failed to start bean 'webServerStartStop'
2026-01-12T22:18:36.931+08:00  INFO 43648 --- [myweb] [           main] .s.b.a.l.ConditionEvaluationReportLogger : 

Error starting ApplicationContext. To display the condition evaluation report re-run your application with 'debug' enabled.
2026-01-12T22:18:36.938+08:00 ERROR 43648 --- [myweb] [           main] o.s.b.d.LoggingFailureAnalysisReporter   : 

***************************
APPLICATION FAILED TO START
***************************

Description:

Web server failed to start. Port 8080 was already in use.

Action:

Identify and stop the process that's listening on port 8080 or configure this application to listen on another port.

[INFO] ------------------------------------------------------------------------
[INFO] BUILD FAILURE
[INFO] ------------------------------------------------------------------------
[INFO] Total time:  2.123 s
[INFO] Finished at: 2026-01-12T22:18:36+08:00
[INFO] ------------------------------------------------------------------------
[ERROR] Failed to execute goal org.springframework.boot:spring-boot-maven-plugin:4.0.1:run (default-cli) on project myweb: Process terminated with exit code: 1 -> [Help 1]
[ERROR] 
[ERROR] To see the full stack trace of the errors, re-run Maven with the -e switch.
[ERROR] Re-run Maven using the -X switch to enable full debug logging.
[ERROR] 
[ERROR] For more information about the errors and possible solutions, please read the following articles:
[ERROR] [Help 1] http://cwiki.apache.org/confluence/display/MAVEN/MojoExecutionException
